<?xml version="1.0" encoding="UTF-8"?>
<!-- Generated by org.testng.reporters.JUnitReportReporter -->
<testsuite skipped="0" hostname="LAPTOP-20464U94" name="testcases.TC001Login" tests="1" failures="0" timestamp="20 Mar 2021 20:02:59 GMT" time="11.626" errors="0">
  <testcase name="verifyLogin" time="11.626" classname="testcases.TC001Login"/>
</testsuite> <!-- testcases.TC001Login -->
