<?xml version="1.0" encoding="UTF-8"?>
<!-- Generated by org.testng.reporters.JUnitReportReporter -->
<testsuite skipped="0" hostname="LAPTOP-20464U94" name="testcases.TC002Payee" tests="1" failures="0" timestamp="20 Mar 2021 20:02:59 GMT" time="19.437" errors="0">
  <testcase name="addPayee" time="19.437" classname="testcases.TC002Payee"/>
</testsuite> <!-- testcases.TC002Payee -->
