<?xml version="1.0" encoding="UTF-8"?>
<!-- Generated by org.testng.reporters.JUnitReportReporter -->
<testsuite skipped="0" hostname="LAPTOP-20464U94" name="testcases.TC002Payee" tests="1" failures="0" timestamp="29 Aug 2020 14:20:37 GMT" time="17.154" errors="0">
  <testcase name="addPayee" time="17.154" classname="testcases.TC002Payee"/>
</testsuite> <!-- testcases.TC002Payee -->
