<?xml version="1.0" encoding="UTF-8"?>
<!-- Generated by org.testng.reporters.JUnitReportReporter -->
<testsuite skipped="0" hostname="LAPTOP-20464U94" name="testcases.TC001Login" tests="1" failures="0" timestamp="29 Aug 2020 14:20:37 GMT" time="9.033" errors="0">
  <testcase name="verifyLogin" time="9.033" classname="testcases.TC001Login"/>
</testsuite> <!-- testcases.TC001Login -->
